<?xml version="1.0" encoding="UTF-8"?>
<robot generator="Robot 4.1.3 (Python 3.9.6 on win32)" generated="20220321 17:21:22.206" rpa="false" schemaversion="2">
<suite id="s1" name="Cenarios" source="E:\projects\emily\Prime\Refactoring\testes\features\cenarios.robot">
<test id="s1-t1" name="Caso de teste 2: Pesquisar produto não existente">
<kw name="Abrir o navegador" library="hooks" type="SETUP">
<kw name="Open Browser" library="SeleniumLibrary">
<arg>${URL}</arg>
<arg>${BROWSER}</arg>
<doc>Opens a new browser instance to the optional ``url``.</doc>
<msg timestamp="20220321 17:21:23.014" level="INFO">Opening browser 'Chrome' to base url 'http://automationpractice.com/index.php'.</msg>
<status status="PASS" starttime="20220321 17:21:23.014" endtime="20220321 17:21:27.858"/>
</kw>
<status status="PASS" starttime="20220321 17:21:23.013" endtime="20220321 17:21:27.858"/>
</kw>
<kw name="Acessar a página home do site Automation Practice" library="keywords">
<kw name="Go To" library="SeleniumLibrary">
<arg>${URL}</arg>
<doc>Navigates the current browser window to the provided ``url``.</doc>
<msg timestamp="20220321 17:21:27.864" level="INFO">Opening url 'http://automationpractice.com/index.php'</msg>
<msg timestamp="20220321 17:21:27.868" level="WARN">Keyword 'Capture Page Screenshot' could not be run on failure: Message: no such window: target window already closed
from unknown error: web view not found
  (Session info: chrome=99.0.4844.74)
Stacktrace:
Backtrace:
	Ordinal0 [0x00B169A3+2582947]
	Ordinal0 [0x00AAA6D1+2139857]
	Ordinal0 [0x009A3A98+1063576]
	Ordinal0 [0x0098C440+967744]
	Ordinal0 [0x009EAD09+1355017]
	Ordinal0 [0x009F7AD2+1407698]
	Ordinal0 [0x009E8366+1344358]
	Ordinal0 [0x009C5176+1200502]
	Ordinal0 [0x009C6066+1204326]
	GetHandleVerifier [0x00CBBE02+1675858]
	GetHandleVerifier [0x00D7036C+2414524]
	GetHandleVerifier [0x00BABB01+560977]
	GetHandleVerifier [0x00BAA8D3+556323]
	Ordinal0 [0x00AB020E+2163214]
	Ordinal0 [0x00AB5078+2183288]
	Ordinal0 [0x00AB51C0+2183616]
	Ordinal0 [0x00ABEE1C+2223644]
	BaseThreadInitThunk [0x766F6739+25]
	RtlGetFullPathName_UEx [0x77018E7F+1215]
	RtlGetFullPathName_UEx [0x77018E4D+1165]
</msg>
<msg timestamp="20220321 17:21:27.979" level="FAIL">NoSuchWindowException: Message: no such window: target window already closed
from unknown error: web view not found
  (Session info: chrome=99.0.4844.74)
Stacktrace:
Backtrace:
	Ordinal0 [0x00B169A3+2582947]
	Ordinal0 [0x00AAA6D1+2139857]
	Ordinal0 [0x009A3A98+1063576]
	Ordinal0 [0x0098C440+967744]
	Ordinal0 [0x009EAD09+1355017]
	Ordinal0 [0x009F7AD2+1407698]
	Ordinal0 [0x009E8366+1344358]
	Ordinal0 [0x009C5176+1200502]
	Ordinal0 [0x009C6066+1204326]
	GetHandleVerifier [0x00CBBE02+1675858]
	GetHandleVerifier [0x00D7036C+2414524]
	GetHandleVerifier [0x00BABB01+560977]
	GetHandleVerifier [0x00BAA8D3+556323]
	Ordinal0 [0x00AB020E+2163214]
	Ordinal0 [0x00AB5078+2183288]
	Ordinal0 [0x00AB51C0+2183616]
	Ordinal0 [0x00ABEE1C+2223644]
	BaseThreadInitThunk [0x766F6739+25]
	RtlGetFullPathName_UEx [0x77018E7F+1215]
	RtlGetFullPathName_UEx [0x77018E4D+1165]
</msg>
<status status="FAIL" starttime="20220321 17:21:27.862" endtime="20220321 17:21:27.979"/>
</kw>
<kw name="Title Should Be" library="SeleniumLibrary">
<arg>${TITULO_HOMEPAGE}</arg>
<doc>Verifies that the current page title equals ``title``.</doc>
<status status="NOT RUN" starttime="20220321 17:21:27.980" endtime="20220321 17:21:27.980"/>
</kw>
<status status="FAIL" starttime="20220321 17:21:27.860" endtime="20220321 17:21:27.980"/>
</kw>
<kw name="Digitar o nome do produto &quot;itemNãoExistente&quot; no campo de pesquisa" library="keywords" sourcename="Digitar o nome do produto &quot;${PRODUTO}&quot; no campo de pesquisa">
<status status="NOT RUN" starttime="20220321 17:21:27.981" endtime="20220321 17:21:27.981"/>
</kw>
<kw name="Clicar no botão pesquisar" library="keywords">
<status status="NOT RUN" starttime="20220321 17:21:27.982" endtime="20220321 17:21:27.982"/>
</kw>
<kw name="Conferir mensagem &quot;No results were found for your search &quot;itemNãoExistente&quot;&quot;" library="keywords" sourcename="Conferir mensagem &quot;${ERRO}&quot;">
<status status="NOT RUN" starttime="20220321 17:21:27.982" endtime="20220321 17:21:27.982"/>
</kw>
<kw name="Fechar o navegador" library="hooks" type="TEARDOWN">
<kw name="Close Browser" library="SeleniumLibrary">
<doc>Closes the current browser.</doc>
<status status="PASS" starttime="20220321 17:21:27.984" endtime="20220321 17:21:30.046"/>
</kw>
<status status="PASS" starttime="20220321 17:21:27.983" endtime="20220321 17:21:30.046"/>
</kw>
<tag>@Teste2</tag>
<status status="FAIL" starttime="20220321 17:21:23.012" endtime="20220321 17:21:30.048">NoSuchWindowException: Message: no such window: target window already closed
from unknown error: web view not found
  (Session info: chrome=99.0.4844.74)
Stacktrace:
Backtrace:
	Ordinal0 [0x00B169A3+2582947]
	Ordinal0 [0x00AAA6D1+2139857]
	Ordinal0 [0x009A3A98+1063576]
	Ordinal0 [0x0098C440+967744]
	Ordinal0 [0x009EAD09+1355017]
	Ordinal0 [0x009F7AD2+1407698]
	Ordinal0 [0x009E8366+1344358]
	Ordinal0 [0x009C5176+1200502]
	Ordinal0 [0x009C6066+1204326]
	GetHandleVerifier [0x00CBBE02+1675858]
	GetHandleVerifier [0x00D7036C+2414524]
	GetHandleVerifier [0x00BABB01+560977]
	GetHandleVerifier [0x00BAA8D3+556323]
	Ordinal0 [0x00AB020E+2163214]
	Ordinal0 [0x00AB5078+2183288]
	Ordinal0 [0x00AB51C0+2183616]
	Ordinal0 [0x00ABEE1C+2223644]
	BaseThreadInitThunk [0x766F6739+25]
	RtlGetFullPathName_UEx [0x77018E7F+1215]
	RtlGetFullPathName_UEx [0x77018E4D+1165]
</status>
</test>
<test id="s1-t2" name="Caso de teste 3: Pesquisar produto não existente">
<kw name="Abrir o navegador" library="hooks" type="SETUP">
<kw name="Open Browser" library="SeleniumLibrary">
<arg>${URL}</arg>
<arg>${BROWSER}</arg>
<doc>Opens a new browser instance to the optional ``url``.</doc>
<msg timestamp="20220321 17:21:30.068" level="INFO">Opening browser 'Chrome' to base url 'http://automationpractice.com/index.php'.</msg>
<errors>
<msg timestamp="20220321 17:21:27.868" level="WARN">Keyword 'Capture Page Screenshot' could not be run on failure: Message: no such window: target window already closed
from unknown error: web view not found
  (Session info: chrome=99.0.4844.74)
Stacktrace:
Backtrace:
	Ordinal0 [0x00B169A3+2582947]
	Ordinal0 [0x00AAA6D1+2139857]
	Ordinal0 [0x009A3A98+1063576]
	Ordinal0 [0x0098C440+967744]
	Ordinal0 [0x009EAD09+1355017]
	Ordinal0 [0x009F7AD2+1407698]
	Ordinal0 [0x009E8366+1344358]
	Ordinal0 [0x009C5176+1200502]
	Ordinal0 [0x009C6066+1204326]
	GetHandleVerifier [0x00CBBE02+1675858]
	GetHandleVerifier [0x00D7036C+2414524]
	GetHandleVerifier [0x00BABB01+560977]
	GetHandleVerifier [0x00BAA8D3+556323]
	Ordinal0 [0x00AB020E+2163214]
	Ordinal0 [0x00AB5078+2183288]
	Ordinal0 [0x00AB51C0+2183616]
	Ordinal0 [0x00ABEE1C+2223644]
	BaseThreadInitThunk [0x766F6739+25]
	RtlGetFullPathName_UEx [0x77018E7F+1215]
	RtlGetFullPathName_UEx [0x77018E4D+1165]
</msg>
<msg timestamp="20220321 17:21:32.793" level="ERROR">Execution stopped by user.</msg>
</errors>
</robot>
